2014/10/18 15:36:59 [error] [exception.CException] exception 'CException' with message 'Alias "bootstrap.widgets.TbButton" is invalid. Make sure it points to an existing directory or file.' in D:\web\doorhan\framework\YiiBase.php:347
Stack trace:
#0 D:\web\doorhan\framework\web\CWidgetFactory.php(146): YiiBase::import('bootstrap.widge...', true)
#1 D:\web\doorhan\framework\web\CBaseController.php(146): CWidgetFactory->createWidget(Object(SiteController), 'bootstrap.widge...', Array)
#2 D:\web\doorhan\framework\web\CBaseController.php(172): CBaseController->createWidget('bootstrap.widge...', Array)
#3 D:\web\test\protected\views\layouts\main.php(64): CBaseController->widget('bootstrap.widge...', Array)
#4 D:\web\doorhan\framework\web\CBaseController.php(126): require('D:\web\test\pro...')
#5 D:\web\doorhan\framework\web\CBaseController.php(95): CBaseController->renderInternal('D:\web\test\pro...', Array, true)
#6 D:\web\doorhan\framework\web\widgets\CContentDecorator.php(76): CBaseController->renderFile('D:\web\test\pro...', Array, true)
#7 D:\web\doorhan\framework\web\widgets\CContentDecorator.php(54): CContentDecorator->decorate('<div id="conten...')
#8 D:\web\doorhan\framework\web\widgets\COutputProcessor.php(44): CContentDecorator->processOutput('<div id="conten...')
#9 D:\web\doorhan\framework\web\CBaseController.php(206): COutputProcessor->run()
#10 D:\web\doorhan\framework\web\CBaseController.php(300): CBaseController->endWidget('CContentDecorat...')
#11 D:\web\test\protected\views\layouts\column1.php(6): CBaseController->endContent()
#12 D:\web\doorhan\framework\web\CBaseController.php(126): require('D:\web\test\pro...')
#13 D:\web\doorhan\framework\web\CBaseController.php(95): CBaseController->renderInternal('D:\web\test\pro...', Array, true)
#14 D:\web\doorhan\framework\web\CController.php(784): CBaseController->renderFile('D:\web\test\pro...', Array, true)
#15 D:\web\test\protected\controllers\SiteController.php(32): CController->render('index')
#16 D:\web\doorhan\framework\web\actions\CInlineAction.php(49): SiteController->actionIndex()
#17 D:\web\doorhan\framework\web\CController.php(308): CInlineAction->runWithParams(Array)
#18 D:\web\doorhan\framework\web\CController.php(286): CController->runAction(Object(CInlineAction))
#19 D:\web\doorhan\framework\web\CController.php(265): CController->runActionWithFilters(Object(CInlineAction), Array)
#20 D:\web\doorhan\framework\web\CWebApplication.php(282): CController->run('index')
#21 D:\web\doorhan\framework\web\CWebApplication.php(141): CWebApplication->runController('site/index')
#22 D:\web\doorhan\framework\base\CApplication.php(180): CWebApplication->processRequest()
#23 D:\web\test\index.php(13): CApplication->run()
#24 {main}
REQUEST_URI=/site/index
HTTP_REFERER=http://test/site/page?view=about
---
2014/10/18 15:42:04 [error] [exception.CException] exception 'CException' with message 'SiteController has an extra endWidget() call in its view.' in D:\web\doorhan\framework\web\CBaseController.php:210
Stack trace:
#0 D:\web\test\protected\views\layouts\main.php(60): CBaseController->endWidget()
#1 D:\web\doorhan\framework\web\CBaseController.php(126): require('D:\web\test\pro...')
#2 D:\web\doorhan\framework\web\CBaseController.php(95): CBaseController->renderInternal('D:\web\test\pro...', Array, true)
#3 D:\web\doorhan\framework\web\widgets\CContentDecorator.php(76): CBaseController->renderFile('D:\web\test\pro...', Array, true)
#4 D:\web\doorhan\framework\web\widgets\CContentDecorator.php(54): CContentDecorator->decorate('<div id="conten...')
#5 D:\web\doorhan\framework\web\widgets\COutputProcessor.php(44): CContentDecorator->processOutput('<div id="conten...')
#6 D:\web\doorhan\framework\web\CBaseController.php(206): COutputProcessor->run()
#7 D:\web\doorhan\framework\web\CBaseController.php(300): CBaseController->endWidget('CContentDecorat...')
#8 D:\web\test\protected\views\layouts\column1.php(6): CBaseController->endContent()
#9 D:\web\doorhan\framework\web\CBaseController.php(126): require('D:\web\test\pro...')
#10 D:\web\doorhan\framework\web\CBaseController.php(95): CBaseController->renderInternal('D:\web\test\pro...', Array, true)
#11 D:\web\doorhan\framework\web\CController.php(784): CBaseController->renderFile('D:\web\test\pro...', Array, true)
#12 D:\web\test\protected\controllers\SiteController.php(32): CController->render('index')
#13 D:\web\doorhan\framework\web\actions\CInlineAction.php(49): SiteController->actionIndex()
#14 D:\web\doorhan\framework\web\CController.php(308): CInlineAction->runWithParams(Array)
#15 D:\web\doorhan\framework\web\CController.php(286): CController->runAction(Object(CInlineAction))
#16 D:\web\doorhan\framework\web\CController.php(265): CController->runActionWithFilters(Object(CInlineAction), Array)
#17 D:\web\doorhan\framework\web\CWebApplication.php(282): CController->run('index')
#18 D:\web\doorhan\framework\web\CWebApplication.php(141): CWebApplication->runController('site/index')
#19 D:\web\doorhan\framework\base\CApplication.php(180): CWebApplication->processRequest()
#20 D:\web\test\index.php(13): CApplication->run()
#21 {main}
REQUEST_URI=/site/index
HTTP_REFERER=http://test/site/page?view=about
---
2014/10/18 15:56:50 [error] [php] Undefined variable: model (D:\web\test\protected\views\layouts\main.php:39)
Stack trace:
#0 D:\web\doorhan\framework\web\widgets\CContentDecorator.php(76): SiteController->renderFile()
#1 D:\web\doorhan\framework\web\widgets\CContentDecorator.php(54): CContentDecorator->decorate()
#2 D:\web\doorhan\framework\web\widgets\COutputProcessor.php(44): CContentDecorator->processOutput()
#3 D:\web\doorhan\framework\web\CBaseController.php(206): CContentDecorator->run()
#4 D:\web\doorhan\framework\web\CBaseController.php(300): SiteController->endWidget()
#5 D:\web\test\protected\views\layouts\column1.php(6): SiteController->endContent()
#6 D:\web\doorhan\framework\web\CBaseController.php(126): require()
#7 D:\web\doorhan\framework\web\CBaseController.php(95): SiteController->renderInternal()
#8 D:\web\doorhan\framework\web\CController.php(784): SiteController->renderFile()
#9 D:\web\test\protected\controllers\SiteController.php(32): SiteController->render()
#10 D:\web\doorhan\framework\web\actions\CInlineAction.php(49): SiteController->actionIndex()
#11 D:\web\doorhan\framework\web\CController.php(308): CInlineAction->runWithParams()
#12 D:\web\doorhan\framework\web\CController.php(286): SiteController->runAction()
#13 D:\web\doorhan\framework\web\CController.php(265): SiteController->runActionWithFilters()
#14 D:\web\doorhan\framework\web\CWebApplication.php(282): SiteController->run()
#15 D:\web\doorhan\framework\web\CWebApplication.php(141): CWebApplication->runController()
#16 D:\web\doorhan\framework\base\CApplication.php(180): CWebApplication->processRequest()
#17 D:\web\test\index.php(13): CWebApplication->run()
REQUEST_URI=/site/index
in D:\web\test\protected\views\layouts\main.php (39)
in D:\web\test\protected\views\layouts\column1.php (6)
in D:\web\test\protected\controllers\SiteController.php (32)
2014/10/18 15:58:12 [error] [php] Undefined variable: model (D:\web\test\protected\views\layouts\main.php:39)
Stack trace:
#0 D:\web\doorhan\framework\web\widgets\CContentDecorator.php(76): SiteController->renderFile()
#1 D:\web\doorhan\framework\web\widgets\CContentDecorator.php(54): CContentDecorator->decorate()
#2 D:\web\doorhan\framework\web\widgets\COutputProcessor.php(44): CContentDecorator->processOutput()
#3 D:\web\doorhan\framework\web\CBaseController.php(206): CContentDecorator->run()
#4 D:\web\doorhan\framework\web\CBaseController.php(300): SiteController->endWidget()
#5 D:\web\test\protected\views\layouts\column1.php(6): SiteController->endContent()
#6 D:\web\doorhan\framework\web\CBaseController.php(126): require()
#7 D:\web\doorhan\framework\web\CBaseController.php(95): SiteController->renderInternal()
#8 D:\web\doorhan\framework\web\CController.php(784): SiteController->renderFile()
#9 D:\web\test\protected\controllers\SiteController.php(32): SiteController->render()
#10 D:\web\doorhan\framework\web\actions\CInlineAction.php(49): SiteController->actionIndex()
#11 D:\web\doorhan\framework\web\CController.php(308): CInlineAction->runWithParams()
#12 D:\web\doorhan\framework\web\CController.php(286): SiteController->runAction()
#13 D:\web\doorhan\framework\web\CController.php(265): SiteController->runActionWithFilters()
#14 D:\web\doorhan\framework\web\CWebApplication.php(282): SiteController->run()
#15 D:\web\doorhan\framework\web\CWebApplication.php(141): CWebApplication->runController()
#16 D:\web\doorhan\framework\base\CApplication.php(180): CWebApplication->processRequest()
#17 D:\web\test\index.php(13): CWebApplication->run()
REQUEST_URI=/site/index
in D:\web\test\protected\views\layouts\main.php (39)
in D:\web\test\protected\views\layouts\column1.php (6)
in D:\web\test\protected\controllers\SiteController.php (32)
2014/10/18 16:00:05 [error] [exception.CException] exception 'CException' with message 'SiteController has an extra endWidget() call in its view.' in D:\web\doorhan\framework\web\CBaseController.php:210
Stack trace:
#0 D:\web\test\protected\views\layouts\main.php(31): CBaseController->endWidget()
#1 D:\web\doorhan\framework\web\CBaseController.php(126): require('D:\web\test\pro...')
#2 D:\web\doorhan\framework\web\CBaseController.php(95): CBaseController->renderInternal('D:\web\test\pro...', Array, true)
#3 D:\web\doorhan\framework\web\widgets\CContentDecorator.php(76): CBaseController->renderFile('D:\web\test\pro...', Array, true)
#4 D:\web\doorhan\framework\web\widgets\CContentDecorator.php(54): CContentDecorator->decorate('<div id="conten...')
#5 D:\web\doorhan\framework\web\widgets\COutputProcessor.php(44): CContentDecorator->processOutput('<div id="conten...')
#6 D:\web\doorhan\framework\web\CBaseController.php(206): COutputProcessor->run()
#7 D:\web\doorhan\framework\web\CBaseController.php(300): CBaseController->endWidget('CContentDecorat...')
#8 D:\web\test\protected\views\layouts\column1.php(6): CBaseController->endContent()
#9 D:\web\doorhan\framework\web\CBaseController.php(126): require('D:\web\test\pro...')
#10 D:\web\doorhan\framework\web\CBaseController.php(95): CBaseController->renderInternal('D:\web\test\pro...', Array, true)
#11 D:\web\doorhan\framework\web\CController.php(784): CBaseController->renderFile('D:\web\test\pro...', Array, true)
#12 D:\web\test\protected\controllers\SiteController.php(32): CController->render('index')
#13 D:\web\doorhan\framework\web\actions\CInlineAction.php(49): SiteController->actionIndex()
#14 D:\web\doorhan\framework\web\CController.php(308): CInlineAction->runWithParams(Array)
#15 D:\web\doorhan\framework\web\CController.php(286): CController->runAction(Object(CInlineAction))
#16 D:\web\doorhan\framework\web\CController.php(265): CController->runActionWithFilters(Object(CInlineAction), Array)
#17 D:\web\doorhan\framework\web\CWebApplication.php(282): CController->run('index')
#18 D:\web\doorhan\framework\web\CWebApplication.php(141): CWebApplication->runController('site/index')
#19 D:\web\doorhan\framework\base\CApplication.php(180): CWebApplication->processRequest()
#20 D:\web\test\index.php(13): CApplication->run()
#21 {main}
REQUEST_URI=/site/index
HTTP_REFERER=http://test/site/page?view=about
---
2014/10/18 16:04:19 [error] [php] Undefined variable: model (D:\web\test\protected\views\layouts\main.php:37)
Stack trace:
#0 D:\web\doorhan\framework\web\widgets\CContentDecorator.php(76): SiteController->renderFile()
#1 D:\web\doorhan\framework\web\widgets\CContentDecorator.php(54): CContentDecorator->decorate()
#2 D:\web\doorhan\framework\web\widgets\COutputProcessor.php(44): CContentDecorator->processOutput()
#3 D:\web\doorhan\framework\web\CBaseController.php(206): CContentDecorator->run()
#4 D:\web\doorhan\framework\web\CBaseController.php(300): SiteController->endWidget()
#5 D:\web\test\protected\views\layouts\column1.php(6): SiteController->endContent()
#6 D:\web\doorhan\framework\web\CBaseController.php(126): require()
#7 D:\web\doorhan\framework\web\CBaseController.php(95): SiteController->renderInternal()
#8 D:\web\doorhan\framework\web\CController.php(784): SiteController->renderFile()
#9 D:\web\test\protected\controllers\SiteController.php(32): SiteController->render()
#10 D:\web\doorhan\framework\web\actions\CInlineAction.php(49): SiteController->actionIndex()
#11 D:\web\doorhan\framework\web\CController.php(308): CInlineAction->runWithParams()
#12 D:\web\doorhan\framework\web\CController.php(286): SiteController->runAction()
#13 D:\web\doorhan\framework\web\CController.php(265): SiteController->runActionWithFilters()
#14 D:\web\doorhan\framework\web\CWebApplication.php(282): SiteController->run()
#15 D:\web\doorhan\framework\web\CWebApplication.php(141): CWebApplication->runController()
#16 D:\web\doorhan\framework\base\CApplication.php(180): CWebApplication->processRequest()
#17 D:\web\test\index.php(13): CWebApplication->run()
REQUEST_URI=/site/index
in D:\web\test\protected\views\layouts\main.php (37)
in D:\web\test\protected\views\layouts\column1.php (6)
in D:\web\test\protected\controllers\SiteController.php (32)
2014/10/18 16:04:29 [error] [php] Undefined variable: model (D:\web\test\protected\views\layouts\main.php:37)
Stack trace:
#0 D:\web\doorhan\framework\web\widgets\CContentDecorator.php(76): SiteController->renderFile()
#1 D:\web\doorhan\framework\web\widgets\CContentDecorator.php(54): CContentDecorator->decorate()
#2 D:\web\doorhan\framework\web\widgets\COutputProcessor.php(44): CContentDecorator->processOutput()
#3 D:\web\doorhan\framework\web\CBaseController.php(206): CContentDecorator->run()
#4 D:\web\doorhan\framework\web\CBaseController.php(300): SiteController->endWidget()
#5 D:\web\test\protected\views\layouts\column1.php(6): SiteController->endContent()
#6 D:\web\doorhan\framework\web\CBaseController.php(126): require()
#7 D:\web\doorhan\framework\web\CBaseController.php(95): SiteController->renderInternal()
#8 D:\web\doorhan\framework\web\CController.php(784): SiteController->renderFile()
#9 D:\web\test\protected\controllers\SiteController.php(32): SiteController->render()
#10 D:\web\doorhan\framework\web\actions\CInlineAction.php(49): SiteController->actionIndex()
#11 D:\web\doorhan\framework\web\CController.php(308): CInlineAction->runWithParams()
#12 D:\web\doorhan\framework\web\CController.php(286): SiteController->runAction()
#13 D:\web\doorhan\framework\web\CController.php(265): SiteController->runActionWithFilters()
#14 D:\web\doorhan\framework\web\CWebApplication.php(282): SiteController->run()
#15 D:\web\doorhan\framework\web\CWebApplication.php(141): CWebApplication->runController()
#16 D:\web\doorhan\framework\base\CApplication.php(180): CWebApplication->processRequest()
#17 D:\web\test\index.php(13): CWebApplication->run()
REQUEST_URI=/site/index
in D:\web\test\protected\views\layouts\main.php (37)
in D:\web\test\protected\views\layouts\column1.php (6)
in D:\web\test\protected\controllers\SiteController.php (32)
2014/10/18 16:07:21 [error] [php] Undefined variable: model (D:\web\test\protected\views\layouts\main.php:40)
Stack trace:
#0 D:\web\doorhan\framework\web\widgets\CContentDecorator.php(76): SiteController->renderFile()
#1 D:\web\doorhan\framework\web\widgets\CContentDecorator.php(54): CContentDecorator->decorate()
#2 D:\web\doorhan\framework\web\widgets\COutputProcessor.php(44): CContentDecorator->processOutput()
#3 D:\web\doorhan\framework\web\CBaseController.php(206): CContentDecorator->run()
#4 D:\web\doorhan\framework\web\CBaseController.php(300): SiteController->endWidget()
#5 D:\web\test\protected\views\layouts\column1.php(6): SiteController->endContent()
#6 D:\web\doorhan\framework\web\CBaseController.php(126): require()
#7 D:\web\doorhan\framework\web\CBaseController.php(95): SiteController->renderInternal()
#8 D:\web\doorhan\framework\web\CController.php(784): SiteController->renderFile()
#9 D:\web\test\protected\controllers\SiteController.php(32): SiteController->render()
#10 D:\web\doorhan\framework\web\actions\CInlineAction.php(49): SiteController->actionIndex()
#11 D:\web\doorhan\framework\web\CController.php(308): CInlineAction->runWithParams()
#12 D:\web\doorhan\framework\web\CController.php(286): SiteController->runAction()
#13 D:\web\doorhan\framework\web\CController.php(265): SiteController->runActionWithFilters()
#14 D:\web\doorhan\framework\web\CWebApplication.php(282): SiteController->run()
#15 D:\web\doorhan\framework\web\CWebApplication.php(141): CWebApplication->runController()
#16 D:\web\doorhan\framework\base\CApplication.php(180): CWebApplication->processRequest()
#17 D:\web\test\index.php(13): CWebApplication->run()
REQUEST_URI=/site/index
in D:\web\test\protected\views\layouts\main.php (40)
in D:\web\test\protected\views\layouts\column1.php (6)
in D:\web\test\protected\controllers\SiteController.php (32)
2014/10/18 16:08:26 [error] [php] Undefined variable: model (D:\web\test\protected\views\layouts\main.php:37)
Stack trace:
#0 D:\web\doorhan\framework\web\widgets\CContentDecorator.php(76): SiteController->renderFile()
#1 D:\web\doorhan\framework\web\widgets\CContentDecorator.php(54): CContentDecorator->decorate()
#2 D:\web\doorhan\framework\web\widgets\COutputProcessor.php(44): CContentDecorator->processOutput()
#3 D:\web\doorhan\framework\web\CBaseController.php(206): CContentDecorator->run()
#4 D:\web\doorhan\framework\web\CBaseController.php(300): SiteController->endWidget()
#5 D:\web\test\protected\views\layouts\column1.php(6): SiteController->endContent()
#6 D:\web\doorhan\framework\web\CBaseController.php(126): require()
#7 D:\web\doorhan\framework\web\CBaseController.php(95): SiteController->renderInternal()
#8 D:\web\doorhan\framework\web\CController.php(784): SiteController->renderFile()
#9 D:\web\test\protected\controllers\SiteController.php(32): SiteController->render()
#10 D:\web\doorhan\framework\web\actions\CInlineAction.php(49): SiteController->actionIndex()
#11 D:\web\doorhan\framework\web\CController.php(308): CInlineAction->runWithParams()
#12 D:\web\doorhan\framework\web\CController.php(286): SiteController->runAction()
#13 D:\web\doorhan\framework\web\CController.php(265): SiteController->runActionWithFilters()
#14 D:\web\doorhan\framework\web\CWebApplication.php(282): SiteController->run()
#15 D:\web\doorhan\framework\web\CWebApplication.php(141): CWebApplication->runController()
#16 D:\web\doorhan\framework\base\CApplication.php(180): CWebApplication->processRequest()
#17 D:\web\test\index.php(13): CWebApplication->run()
REQUEST_URI=/site/index
in D:\web\test\protected\views\layouts\main.php (37)
in D:\web\test\protected\views\layouts\column1.php (6)
in D:\web\test\protected\controllers\SiteController.php (32)
2014/10/18 16:10:29 [error] [php] Undefined variable: model (D:\web\test\protected\views\layouts\main.php:37)
Stack trace:
#0 D:\web\doorhan\framework\web\widgets\CContentDecorator.php(76): SiteController->renderFile()
#1 D:\web\doorhan\framework\web\widgets\CContentDecorator.php(54): CContentDecorator->decorate()
#2 D:\web\doorhan\framework\web\widgets\COutputProcessor.php(44): CContentDecorator->processOutput()
#3 D:\web\doorhan\framework\web\CBaseController.php(206): CContentDecorator->run()
#4 D:\web\doorhan\framework\web\CBaseController.php(300): SiteController->endWidget()
#5 D:\web\test\protected\views\layouts\column1.php(6): SiteController->endContent()
#6 D:\web\doorhan\framework\web\CBaseController.php(126): require()
#7 D:\web\doorhan\framework\web\CBaseController.php(95): SiteController->renderInternal()
#8 D:\web\doorhan\framework\web\CController.php(784): SiteController->renderFile()
#9 D:\web\test\protected\controllers\SiteController.php(33): SiteController->render()
#10 D:\web\doorhan\framework\web\actions\CInlineAction.php(49): SiteController->actionIndex()
#11 D:\web\doorhan\framework\web\CController.php(308): CInlineAction->runWithParams()
#12 D:\web\doorhan\framework\web\CController.php(286): SiteController->runAction()
#13 D:\web\doorhan\framework\web\CController.php(265): SiteController->runActionWithFilters()
#14 D:\web\doorhan\framework\web\CWebApplication.php(282): SiteController->run()
#15 D:\web\doorhan\framework\web\CWebApplication.php(141): CWebApplication->runController()
#16 D:\web\doorhan\framework\base\CApplication.php(180): CWebApplication->processRequest()
#17 D:\web\test\index.php(13): CWebApplication->run()
REQUEST_URI=/site/index
in D:\web\test\protected\views\layouts\main.php (37)
in D:\web\test\protected\views\layouts\column1.php (6)
in D:\web\test\protected\controllers\SiteController.php (33)
2014/10/18 16:12:17 [error] [php] Undefined variable: model (D:\web\test\protected\views\layouts\main.php:37)
Stack trace:
#0 D:\web\doorhan\framework\web\widgets\CContentDecorator.php(76): SiteController->renderFile()
#1 D:\web\doorhan\framework\web\widgets\CContentDecorator.php(54): CContentDecorator->decorate()
#2 D:\web\doorhan\framework\web\widgets\COutputProcessor.php(44): CContentDecorator->processOutput()
#3 D:\web\doorhan\framework\web\CBaseController.php(206): CContentDecorator->run()
#4 D:\web\doorhan\framework\web\CBaseController.php(300): SiteController->endWidget()
#5 D:\web\test\protected\views\layouts\column1.php(6): SiteController->endContent()
#6 D:\web\doorhan\framework\web\CBaseController.php(126): require()
#7 D:\web\doorhan\framework\web\CBaseController.php(95): SiteController->renderInternal()
#8 D:\web\doorhan\framework\web\CController.php(784): SiteController->renderFile()
#9 D:\web\test\protected\controllers\SiteController.php(33): SiteController->render()
#10 D:\web\doorhan\framework\web\actions\CInlineAction.php(49): SiteController->actionIndex()
#11 D:\web\doorhan\framework\web\CController.php(308): CInlineAction->runWithParams()
#12 D:\web\doorhan\framework\web\CController.php(286): SiteController->runAction()
#13 D:\web\doorhan\framework\web\CController.php(265): SiteController->runActionWithFilters()
#14 D:\web\doorhan\framework\web\CWebApplication.php(282): SiteController->run()
#15 D:\web\doorhan\framework\web\CWebApplication.php(141): CWebApplication->runController()
#16 D:\web\doorhan\framework\base\CApplication.php(180): CWebApplication->processRequest()
#17 D:\web\test\index.php(13): CWebApplication->run()
REQUEST_URI=/site/index
in D:\web\test\protected\views\layouts\main.php (37)
in D:\web\test\protected\views\layouts\column1.php (6)
in D:\web\test\protected\controllers\SiteController.php (33)
2014/10/18 16:34:53 [error] [system.db.CDbCommand] CDbCommand::fetchAll() failed: SQLSTATE[42S02]: Base table or view not found: 1146 Table 'test.user_attitudes' doesn't exist. The SQL statement executed was: SHOW FULL COLUMNS FROM `user_attitudes`.
in D:\web\test\index.php (13)
2014/10/18 17:11:19 [error] [exception.CHttpException.404] exception 'CHttpException' with message 'Unable to resolve the request "favicon.ico".' in D:\web\doorhan\framework\web\CWebApplication.php:286
Stack trace:
#0 D:\web\doorhan\framework\web\CWebApplication.php(141): CWebApplication->runController('favicon.ico')
#1 D:\web\doorhan\framework\base\CApplication.php(180): CWebApplication->processRequest()
#2 D:\web\test\index.php(13): CApplication->run()
#3 {main}
REQUEST_URI=/favicon.ico
---
2014/10/18 17:19:47 [error] [exception.CHttpException.404] exception 'CHttpException' with message 'Unable to resolve the request "favicon.ico".' in D:\web\doorhan\framework\web\CWebApplication.php:286
Stack trace:
#0 D:\web\doorhan\framework\web\CWebApplication.php(141): CWebApplication->runController('favicon.ico')
#1 D:\web\doorhan\framework\base\CApplication.php(180): CWebApplication->processRequest()
#2 D:\web\test\index.php(13): CApplication->run()
#3 {main}
REQUEST_URI=/favicon.ico
---
2014/10/18 17:42:50 [error] [exception.CHttpException.404] exception 'CHttpException' with message 'Unable to resolve the request "test/index.php".' in D:\web\doorhan\framework\web\CWebApplication.php:286
Stack trace:
#0 D:\web\doorhan\framework\web\CWebApplication.php(141): CWebApplication->runController('test/index.php')
#1 D:\web\doorhan\framework\base\CApplication.php(180): CWebApplication->processRequest()
#2 C:\Program Files\xampp\htdocs\test\index.php(13): CApplication->run()
#3 {main}
REQUEST_URI=/test/index.php?XDEBUG_SESSION_START=ECLIPSE_DBGP&KEY=141364696971816
---
2014/10/18 17:43:16 [error] [exception.CHttpException.404] exception 'CHttpException' with message 'Unable to resolve the request "test".' in D:\web\doorhan\framework\web\CWebApplication.php:286
Stack trace:
#0 D:\web\doorhan\framework\web\CWebApplication.php(141): CWebApplication->runController('test')
#1 D:\web\doorhan\framework\base\CApplication.php(180): CWebApplication->processRequest()
#2 C:\Program Files\xampp\htdocs\test\index.php(13): CApplication->run()
#3 {main}
REQUEST_URI=/test/?XDEBUG_SESSION_START=ECLIPSE_DBGP&KEY=141364696971816
---
2014/10/18 17:46:05 [error] [exception.CHttpException.404] exception 'CHttpException' with message 'Unable to resolve the request "test/index.php".' in D:\web\doorhan\framework\web\CWebApplication.php:286
Stack trace:
#0 D:\web\doorhan\framework\web\CWebApplication.php(141): CWebApplication->runController('test/index.php')
#1 D:\web\doorhan\framework\base\CApplication.php(180): CWebApplication->processRequest()
#2 C:\Program Files\xampp\htdocs\test\index.php(13): CApplication->run()
#3 {main}
REQUEST_URI=/test/index.php?XDEBUG_SESSION_START=ECLIPSE_DBGP&KEY=141364716508518
---
2014/10/18 17:47:14 [error] [exception.Github_HttpClient_Exception] exception 'Github_HttpClient_Exception' in C:\Program Files\xampp\htdocs\test\protected\vendor\Github\HttpClient\Curl.php:73
Stack trace:
#0 C:\Program Files\xampp\htdocs\test\protected\vendor\Github\HttpClient.php(105): Github_HttpClient_Curl->doRequest('https://github....', Array, 'GET', Array)
#1 C:\Program Files\xampp\htdocs\test\protected\vendor\Github\HttpClient.php(62): Github_HttpClient->request('repos/show/orni...', Array, 'GET', Array)
#2 C:\Program Files\xampp\htdocs\test\protected\vendor\Github\Client.php(104): Github_HttpClient->get('repos/show/orni...', Array, Array)
#3 C:\Program Files\xampp\htdocs\test\protected\vendor\Github\Api.php(33): Github_Client->get('repos/show/orni...', Array, Array)
#4 C:\Program Files\xampp\htdocs\test\protected\vendor\Github\Api\Repo.php(41): Github_Api->get('repos/show/orni...')
#5 C:\Program Files\xampp\htdocs\test\protected\controllers\SiteController.php(34): Github_Api_Repo->getUserRepos('ornicar')
#6 D:\web\doorhan\framework\web\actions\CInlineAction.php(49): SiteController->actionIndex()
#7 D:\web\doorhan\framework\web\CController.php(308): CInlineAction->runWithParams(Array)
#8 D:\web\doorhan\framework\web\CController.php(286): CController->runAction(Object(CInlineAction))
#9 D:\web\doorhan\framework\web\CController.php(265): CController->runActionWithFilters(Object(CInlineAction), Array)
#10 D:\web\doorhan\framework\web\CWebApplication.php(282): CController->run('')
#11 D:\web\doorhan\framework\web\CWebApplication.php(141): CWebApplication->runController('')
#12 D:\web\doorhan\framework\base\CApplication.php(180): CWebApplication->processRequest()
#13 C:\Program Files\xampp\htdocs\test\index.php(13): CApplication->run()
#14 {main}
REQUEST_URI=/?XDEBUG_SESSION_START=ECLIPSE_DBGP&KEY=141364716508518
---
2014/10/18 17:55:24 [error] [exception.Github_HttpClient_Exception] exception 'Github_HttpClient_Exception' in C:\Program Files\xampp\htdocs\test\protected\vendor\Github\HttpClient\Curl.php:73
Stack trace:
#0 C:\Program Files\xampp\htdocs\test\protected\vendor\Github\HttpClient.php(105): Github_HttpClient_Curl->doRequest('https://github....', Array, 'GET', Array)
#1 C:\Program Files\xampp\htdocs\test\protected\vendor\Github\HttpClient.php(62): Github_HttpClient->request('repos/show/orni...', Array, 'GET', Array)
#2 C:\Program Files\xampp\htdocs\test\protected\vendor\Github\Client.php(104): Github_HttpClient->get('repos/show/orni...', Array, Array)
#3 C:\Program Files\xampp\htdocs\test\protected\vendor\Github\Api.php(33): Github_Client->get('repos/show/orni...', Array, Array)
#4 C:\Program Files\xampp\htdocs\test\protected\vendor\Github\Api\Repo.php(41): Github_Api->get('repos/show/orni...')
#5 C:\Program Files\xampp\htdocs\test\protected\controllers\SiteController.php(34): Github_Api_Repo->getUserRepos('ornicar')
#6 D:\web\doorhan\framework\web\actions\CInlineAction.php(49): SiteController->actionIndex()
#7 D:\web\doorhan\framework\web\CController.php(308): CInlineAction->runWithParams(Array)
#8 D:\web\doorhan\framework\web\CController.php(286): CController->runAction(Object(CInlineAction))
#9 D:\web\doorhan\framework\web\CController.php(265): CController->runActionWithFilters(Object(CInlineAction), Array)
#10 D:\web\doorhan\framework\web\CWebApplication.php(282): CController->run('')
#11 D:\web\doorhan\framework\web\CWebApplication.php(141): CWebApplication->runController('')
#12 D:\web\doorhan\framework\base\CApplication.php(180): CWebApplication->processRequest()
#13 C:\Program Files\xampp\htdocs\test\index.php(13): CApplication->run()
#14 {main}
REQUEST_URI=/?XDEBUG_SESSION_START=ECLIPSE_DBGP&KEY=141364716508518
---
2014/10/18 17:55:26 [error] [exception.Github_HttpClient_Exception] exception 'Github_HttpClient_Exception' with message 'error 28' in C:\Program Files\xampp\htdocs\test\protected\vendor\Github\HttpClient\Curl.php:77
Stack trace:
#0 C:\Program Files\xampp\htdocs\test\protected\vendor\Github\HttpClient.php(105): Github_HttpClient_Curl->doRequest('https://github....', Array, 'GET', Array)
#1 C:\Program Files\xampp\htdocs\test\protected\vendor\Github\HttpClient.php(62): Github_HttpClient->request('repos/show/orni...', Array, 'GET', Array)
#2 C:\Program Files\xampp\htdocs\test\protected\vendor\Github\Client.php(104): Github_HttpClient->get('repos/show/orni...', Array, Array)
#3 C:\Program Files\xampp\htdocs\test\protected\vendor\Github\Api.php(33): Github_Client->get('repos/show/orni...', Array, Array)
#4 C:\Program Files\xampp\htdocs\test\protected\vendor\Github\Api\Repo.php(41): Github_Api->get('repos/show/orni...')
#5 C:\Program Files\xampp\htdocs\test\protected\controllers\SiteController.php(34): Github_Api_Repo->getUserRepos('ornicar')
#6 D:\web\doorhan\framework\web\actions\CInlineAction.php(49): SiteController->actionIndex()
#7 D:\web\doorhan\framework\web\CController.php(308): CInlineAction->runWithParams(Array)
#8 D:\web\doorhan\framework\web\CController.php(286): CController->runAction(Object(CInlineAction))
#9 D:\web\doorhan\framework\web\CController.php(265): CController->runActionWithFilters(Object(CInlineAction), Array)
#10 D:\web\doorhan\framework\web\CWebApplication.php(282): CController->run('')
#11 D:\web\doorhan\framework\web\CWebApplication.php(141): CWebApplication->runController('')
#12 D:\web\doorhan\framework\base\CApplication.php(180): CWebApplication->processRequest()
#13 C:\Program Files\xampp\htdocs\test\index.php(13): CApplication->run()
#14 {main}
REQUEST_URI=/?XDEBUG_SESSION_START=ECLIPSE_DBGP&KEY=141364716508518
---
2014/10/18 17:55:28 [error] [exception.Github_HttpClient_Exception] exception 'Github_HttpClient_Exception' in C:\Program Files\xampp\htdocs\test\protected\vendor\Github\HttpClient\Curl.php:73
Stack trace:
#0 C:\Program Files\xampp\htdocs\test\protected\vendor\Github\HttpClient.php(105): Github_HttpClient_Curl->doRequest('https://github....', Array, 'GET', Array)
#1 C:\Program Files\xampp\htdocs\test\protected\vendor\Github\HttpClient.php(62): Github_HttpClient->request('repos/show/orni...', Array, 'GET', Array)
#2 C:\Program Files\xampp\htdocs\test\protected\vendor\Github\Client.php(104): Github_HttpClient->get('repos/show/orni...', Array, Array)
#3 C:\Program Files\xampp\htdocs\test\protected\vendor\Github\Api.php(33): Github_Client->get('repos/show/orni...', Array, Array)
#4 C:\Program Files\xampp\htdocs\test\protected\vendor\Github\Api\Repo.php(41): Github_Api->get('repos/show/orni...')
#5 C:\Program Files\xampp\htdocs\test\protected\controllers\SiteController.php(34): Github_Api_Repo->getUserRepos('ornicar')
#6 D:\web\doorhan\framework\web\actions\CInlineAction.php(49): SiteController->actionIndex()
#7 D:\web\doorhan\framework\web\CController.php(308): CInlineAction->runWithParams(Array)
#8 D:\web\doorhan\framework\web\CController.php(286): CController->runAction(Object(CInlineAction))
#9 D:\web\doorhan\framework\web\CController.php(265): CController->runActionWithFilters(Object(CInlineAction), Array)
#10 D:\web\doorhan\framework\web\CWebApplication.php(282): CController->run('')
#11 D:\web\doorhan\framework\web\CWebApplication.php(141): CWebApplication->runController('')
#12 D:\web\doorhan\framework\base\CApplication.php(180): CWebApplication->processRequest()
#13 C:\Program Files\xampp\htdocs\test\index.php(13): CApplication->run()
#14 {main}
REQUEST_URI=/?XDEBUG_SESSION_START=ECLIPSE_DBGP&KEY=141364716508518
---
2014/10/18 17:56:58 [error] [exception.Github_HttpClient_Exception] exception 'Github_HttpClient_Exception' with message 'error 28' in C:\Program Files\xampp\htdocs\test\protected\vendor\Github\HttpClient\Curl.php:77
Stack trace:
#0 C:\Program Files\xampp\htdocs\test\protected\vendor\Github\HttpClient.php(105): Github_HttpClient_Curl->doRequest('https://github....', Array, 'GET', Array)
#1 C:\Program Files\xampp\htdocs\test\protected\vendor\Github\HttpClient.php(62): Github_HttpClient->request('repos/show/orni...', Array, 'GET', Array)
#2 C:\Program Files\xampp\htdocs\test\protected\vendor\Github\Client.php(104): Github_HttpClient->get('repos/show/orni...', Array, Array)
#3 C:\Program Files\xampp\htdocs\test\protected\vendor\Github\Api.php(33): Github_Client->get('repos/show/orni...', Array, Array)
#4 C:\Program Files\xampp\htdocs\test\protected\vendor\Github\Api\Repo.php(41): Github_Api->get('repos/show/orni...')
#5 C:\Program Files\xampp\htdocs\test\protected\controllers\SiteController.php(34): Github_Api_Repo->getUserRepos('ornicar')
#6 D:\web\doorhan\framework\web\actions\CInlineAction.php(49): SiteController->actionIndex()
#7 D:\web\doorhan\framework\web\CController.php(308): CInlineAction->runWithParams(Array)
#8 D:\web\doorhan\framework\web\CController.php(286): CController->runAction(Object(CInlineAction))
#9 D:\web\doorhan\framework\web\CController.php(265): CController->runActionWithFilters(Object(CInlineAction), Array)
#10 D:\web\doorhan\framework\web\CWebApplication.php(282): CController->run('')
#11 D:\web\doorhan\framework\web\CWebApplication.php(141): CWebApplication->runController('')
#12 D:\web\doorhan\framework\base\CApplication.php(180): CWebApplication->processRequest()
#13 C:\Program Files\xampp\htdocs\test\index.php(13): CApplication->run()
#14 {main}
REQUEST_URI=/?XDEBUG_SESSION_START=ECLIPSE_DBGP&KEY=141364716508518
---
2014/10/18 18:01:06 [error] [exception.Github_HttpClient_Exception] exception 'Github_HttpClient_Exception' with message 'error 28' in C:\Program Files\xampp\htdocs\test\protected\vendor\Github\HttpClient\Curl.php:77
Stack trace:
#0 C:\Program Files\xampp\htdocs\test\protected\vendor\Github\HttpClient.php(105): Github_HttpClient_Curl->doRequest('https://github....', Array, 'GET', Array)
#1 C:\Program Files\xampp\htdocs\test\protected\vendor\Github\HttpClient.php(62): Github_HttpClient->request('repos/show/orni...', Array, 'GET', Array)
#2 C:\Program Files\xampp\htdocs\test\protected\vendor\Github\Client.php(104): Github_HttpClient->get('repos/show/orni...', Array, Array)
#3 C:\Program Files\xampp\htdocs\test\protected\vendor\Github\Api.php(33): Github_Client->get('repos/show/orni...', Array, Array)
#4 C:\Program Files\xampp\htdocs\test\protected\vendor\Github\Api\Repo.php(41): Github_Api->get('repos/show/orni...')
#5 C:\Program Files\xampp\htdocs\test\protected\controllers\SiteController.php(34): Github_Api_Repo->getUserRepos('ornicar')
#6 D:\web\doorhan\framework\web\actions\CInlineAction.php(49): SiteController->actionIndex()
#7 D:\web\doorhan\framework\web\CController.php(308): CInlineAction->runWithParams(Array)
#8 D:\web\doorhan\framework\web\CController.php(286): CController->runAction(Object(CInlineAction))
#9 D:\web\doorhan\framework\web\CController.php(265): CController->runActionWithFilters(Object(CInlineAction), Array)
#10 D:\web\doorhan\framework\web\CWebApplication.php(282): CController->run('')
#11 D:\web\doorhan\framework\web\CWebApplication.php(141): CWebApplication->runController('')
#12 D:\web\doorhan\framework\base\CApplication.php(180): CWebApplication->processRequest()
#13 C:\Program Files\xampp\htdocs\test\index.php(13): CApplication->run()
#14 {main}
REQUEST_URI=/?XDEBUG_SESSION_START=ECLIPSE_DBGP&KEY=141364716508518
---
2014/10/18 18:01:59 [error] [exception.Github_HttpClient_Exception] exception 'Github_HttpClient_Exception' with message 'error 28' in C:\Program Files\xampp\htdocs\test\protected\vendor\Github\HttpClient\Curl.php:77
Stack trace:
#0 C:\Program Files\xampp\htdocs\test\protected\vendor\Github\HttpClient.php(105): Github_HttpClient_Curl->doRequest('https://github....', Array, 'GET', Array)
#1 C:\Program Files\xampp\htdocs\test\protected\vendor\Github\HttpClient.php(62): Github_HttpClient->request('repos/search/yi...', Array, 'GET', Array)
#2 C:\Program Files\xampp\htdocs\test\protected\vendor\Github\Client.php(104): Github_HttpClient->get('repos/search/yi...', Array, Array)
#3 C:\Program Files\xampp\htdocs\test\protected\vendor\Github\Api.php(33): Github_Client->get('repos/search/yi...', Array, Array)
#4 C:\Program Files\xampp\htdocs\test\protected\vendor\Github\Api\Repo.php(27): Github_Api->get('repos/search/yi...', Array)
#5 C:\Program Files\xampp\htdocs\test\protected\controllers\SiteController.php(34): Github_Api_Repo->search('yii')
#6 D:\web\doorhan\framework\web\actions\CInlineAction.php(49): SiteController->actionIndex()
#7 D:\web\doorhan\framework\web\CController.php(308): CInlineAction->runWithParams(Array)
#8 D:\web\doorhan\framework\web\CController.php(286): CController->runAction(Object(CInlineAction))
#9 D:\web\doorhan\framework\web\CController.php(265): CController->runActionWithFilters(Object(CInlineAction), Array)
#10 D:\web\doorhan\framework\web\CWebApplication.php(282): CController->run('')
#11 D:\web\doorhan\framework\web\CWebApplication.php(141): CWebApplication->runController('')
#12 D:\web\doorhan\framework\base\CApplication.php(180): CWebApplication->processRequest()
#13 C:\Program Files\xampp\htdocs\test\index.php(13): CApplication->run()
#14 {main}
REQUEST_URI=/?XDEBUG_SESSION_START=ECLIPSE_DBGP&KEY=141364716508518
---
2014/10/18 18:05:12 [error] [exception.Github_HttpClient_Exception] exception 'Github_HttpClient_Exception' with message 'error 28' in C:\Program Files\xampp\htdocs\test\protected\vendor\Github\HttpClient\Curl.php:77
Stack trace:
#0 C:\Program Files\xampp\htdocs\test\protected\vendor\Github\HttpClient.php(105): Github_HttpClient_Curl->doRequest('https://github....', Array, 'GET', Array)
#1 C:\Program Files\xampp\htdocs\test\protected\vendor\Github\HttpClient.php(62): Github_HttpClient->request('repos/search/yi...', Array, 'GET', Array)
#2 C:\Program Files\xampp\htdocs\test\protected\vendor\Github\Client.php(104): Github_HttpClient->get('repos/search/yi...', Array, Array)
#3 C:\Program Files\xampp\htdocs\test\protected\vendor\Github\Api.php(33): Github_Client->get('repos/search/yi...', Array, Array)
#4 C:\Program Files\xampp\htdocs\test\protected\vendor\Github\Api\Repo.php(27): Github_Api->get('repos/search/yi...', Array)
#5 C:\Program Files\xampp\htdocs\test\protected\controllers\SiteController.php(34): Github_Api_Repo->search('yii')
#6 D:\web\doorhan\framework\web\actions\CInlineAction.php(49): SiteController->actionIndex()
#7 D:\web\doorhan\framework\web\CController.php(308): CInlineAction->runWithParams(Array)
#8 D:\web\doorhan\framework\web\CController.php(286): CController->runAction(Object(CInlineAction))
#9 D:\web\doorhan\framework\web\CController.php(265): CController->runActionWithFilters(Object(CInlineAction), Array)
#10 D:\web\doorhan\framework\web\CWebApplication.php(282): CController->run('')
#11 D:\web\doorhan\framework\web\CWebApplication.php(141): CWebApplication->runController('')
#12 D:\web\doorhan\framework\base\CApplication.php(180): CWebApplication->processRequest()
#13 C:\Program Files\xampp\htdocs\test\index.php(13): CApplication->run()
#14 {main}
REQUEST_URI=/
---
2014/10/18 18:09:49 [error] [exception.Github_HttpClient_Exception] exception 'Github_HttpClient_Exception' in C:\Program Files\xampp\htdocs\test\protected\vendor\Github\HttpClient\Curl.php:73
Stack trace:
#0 C:\Program Files\xampp\htdocs\test\protected\vendor\Github\HttpClient.php(105): Github_HttpClient_Curl->doRequest('https://github....', Array, 'GET', Array)
#1 C:\Program Files\xampp\htdocs\test\protected\vendor\Github\HttpClient.php(62): Github_HttpClient->request('repos/search/yi...', Array, 'GET', Array)
#2 C:\Program Files\xampp\htdocs\test\protected\vendor\Github\Client.php(104): Github_HttpClient->get('repos/search/yi...', Array, Array)
#3 C:\Program Files\xampp\htdocs\test\protected\vendor\Github\Api.php(33): Github_Client->get('repos/search/yi...', Array, Array)
#4 C:\Program Files\xampp\htdocs\test\protected\vendor\Github\Api\Repo.php(27): Github_Api->get('repos/search/yi...', Array)
#5 C:\Program Files\xampp\htdocs\test\protected\controllers\SiteController.php(34): Github_Api_Repo->search('yii')
#6 D:\web\doorhan\framework\web\actions\CInlineAction.php(49): SiteController->actionIndex()
#7 D:\web\doorhan\framework\web\CController.php(308): CInlineAction->runWithParams(Array)
#8 D:\web\doorhan\framework\web\CController.php(286): CController->runAction(Object(CInlineAction))
#9 D:\web\doorhan\framework\web\CController.php(265): CController->runActionWithFilters(Object(CInlineAction), Array)
#10 D:\web\doorhan\framework\web\CWebApplication.php(282): CController->run('')
#11 D:\web\doorhan\framework\web\CWebApplication.php(141): CWebApplication->runController('')
#12 D:\web\doorhan\framework\base\CApplication.php(180): CWebApplication->processRequest()
#13 C:\Program Files\xampp\htdocs\test\index.php(13): CApplication->run()
#14 {main}
REQUEST_URI=/
---
2014/10/18 19:24:45 [error] [exception.CHttpException.404] exception 'CHttpException' with message 'Unable to resolve the request "test/index.php".' in D:\web\doorhan\framework\web\CWebApplication.php:286
Stack trace:
#0 D:\web\doorhan\framework\web\CWebApplication.php(141): CWebApplication->runController('test/index.php')
#1 D:\web\doorhan\framework\base\CApplication.php(180): CWebApplication->processRequest()
#2 C:\Program Files\xampp\htdocs\test\index.php(13): CApplication->run()
#3 {main}
REQUEST_URI=/test/index.php?XDEBUG_SESSION_START=ECLIPSE_DBGP&KEY=14136530790553
---
2014/10/18 19:24:45 [error] [exception.CHttpException.404] exception 'CHttpException' with message 'Unable to resolve the request "test/index.php".' in D:\web\doorhan\framework\web\CWebApplication.php:286
Stack trace:
#0 D:\web\doorhan\framework\web\CWebApplication.php(141): CWebApplication->runController('test/index.php')
#1 D:\web\doorhan\framework\base\CApplication.php(180): CWebApplication->processRequest()
#2 C:\Program Files\xampp\htdocs\test\index.php(13): CApplication->run()
#3 {main}
REQUEST_URI=/test/index.php?XDEBUG_SESSION_START=ECLIPSE_DBGP&KEY=14136530781942
---
2014/10/18 19:55:23 [error] [exception.CHttpException.404] exception 'CHttpException' with message 'Unable to resolve the request "test/index.php".' in D:\web\doorhan\framework\web\CWebApplication.php:286
Stack trace:
#0 D:\web\doorhan\framework\web\CWebApplication.php(141): CWebApplication->runController('test/index.php')
#1 D:\web\doorhan\framework\base\CApplication.php(180): CWebApplication->processRequest()
#2 C:\Program Files\xampp\htdocs\test\index.php(13): CApplication->run()
#3 {main}
REQUEST_URI=/test/index.php?XDEBUG_SESSION_START=ECLIPSE_DBGP&KEY=14136549203304
---
2014/10/18 20:13:18 [error] [exception.CHttpException.404] exception 'CHttpException' with message 'Unable to resolve the request "favicon.ico".' in D:\web\doorhan\framework\web\CWebApplication.php:286
Stack trace:
#0 D:\web\doorhan\framework\web\CWebApplication.php(141): CWebApplication->runController('favicon.ico')
#1 D:\web\doorhan\framework\base\CApplication.php(180): CWebApplication->processRequest()
#2 C:\Program Files\xampp\htdocs\test\index.php(13): CApplication->run()
#3 {main}
REQUEST_URI=/favicon.ico
---
2014/10/18 20:20:48 [error] [exception.CHttpException.404] exception 'CHttpException' with message 'Unable to resolve the request "test/index.php".' in D:\web\doorhan\framework\web\CWebApplication.php:286
Stack trace:
#0 D:\web\doorhan\framework\web\CWebApplication.php(141): CWebApplication->runController('test/index.php')
#1 D:\web\doorhan\framework\base\CApplication.php(180): CWebApplication->processRequest()
#2 C:\Program Files\xampp\htdocs\test\index.php(13): CApplication->run()
#3 {main}
REQUEST_URI=/test/index.php?XDEBUG_SESSION_START=ECLIPSE_DBGP&KEY=14136564474783
---
